<?xml version="1.0" encoding="UTF-8"?>
<testsuite name="Cucumber" time="73.523" tests="2" skipped="0" failures="1" errors="0">
<testcase classname="to test the hooks" name="TC01_Google_İphone_Search" time="48.861">
<system-out><![CDATA[
Given User Navigates to "google_url"........................................passed
Given User searchs for "İphone" ın searchbox................................passed
Then Verify the results contain "İphone"....................................passed
Then Close the application..................................................passed
]]></system-out>
</testcase>
<testcase classname="to test the hooks" name="TC01_Google_Volvo_Search" time="23.108">
<failure type="java.lang.AssertionError">
<![CDATA[java.lang.AssertionError
	at org.junit.Assert.fail(Assert.java:87)
	at org.junit.Assert.assertTrue(Assert.java:42)
	at org.junit.Assert.assertTrue(Assert.java:53)
	at stepdefinitions.GoogleStepDefinitions.verify_the_results_contain(GoogleStepDefinitions.java:67)
	at ✽.Verify the results contain "PencilCom"(file:///C:/Users/asus/IdeaProjects/Cucumber/./src/test/resources/features/failed_scenarios.feature:13)
]]>
</failure>
<system-out><![CDATA[
Given User Navigates to "google_url"........................................passed
Given User searchs for "Volvo" ın searchbox.................................passed
Then Verify the results contain "PencilCom".................................failed
Then Close the application..................................................skipped
]]></system-out>
</testcase>
</testsuite>
